<?xml version="1.0" encoding="UTF-8"?>
<!-- Generated by org.testng.reporters.JUnitReportReporter -->
<testsuite hostname="Krishna" failures="0" tests="1" name="categoryAssignment.Drop_Down_Month" time="7.065" errors="0" timestamp="2022-06-30T15:30:09 CDT" skipped="0">
  <testcase classname="categoryAssignment.Drop_Down_Month" name="addCategory" time="7.065"/>
  <system-out/>
</testsuite> <!-- categoryAssignment.Drop_Down_Month -->
