<?xml version="1.0" encoding="UTF-8"?>
<!-- Generated by org.testng.reporters.JUnitReportReporter -->
<testsuite hostname="Krishna" failures="0" tests="1" name="categoryAssignment.No_Duplicate_Category" time="7.982" errors="0" timestamp="2022-06-30T15:21:26 CDT" skipped="0">
  <testcase classname="categoryAssignment.No_Duplicate_Category" name="noDuplicateItem" time="7.982"/>
  <system-out/>
</testsuite> <!-- categoryAssignment.No_Duplicate_Category -->
